2024-10-21 12:11:01.527 [info] [main] Log level: Info
2024-10-21 12:11:01.527 [info] [main] Validating found git in: "git"
2024-10-21 12:11:01.527 [info] [main] Using git "2.43.0" from "git"
2024-10-21 12:11:01.527 [info] [Model][doInitialScan] Initial repository scan started
2024-10-21 12:11:01.527 [info] > git rev-parse --show-toplevel [9ms]
2024-10-21 12:11:01.527 [info] fatal: not a git repository (or any of the parent directories): .git
2024-10-21 12:11:01.565 [info] > git rev-parse --show-toplevel [23ms]
2024-10-21 12:11:01.565 [info] fatal: not a git repository (or any of the parent directories): .git
2024-10-21 12:11:01.566 [warning] [Model][traverseWorkspaceFolder] Unable to read workspace folder '/lost+found': Error: EACCES: permission denied, scandir '/lost+found'
2024-10-21 12:11:01.776 [warning] [Model][traverseWorkspaceFolder] Unable to read workspace folder '/root': Error: EACCES: permission denied, scandir '/root'
2024-10-21 12:11:01.810 [info] > git rev-parse --show-toplevel [7ms]
2024-10-21 12:11:01.810 [info] fatal: not a git repository (or any of the parent directories): .git
2024-10-21 12:11:01.830 [info] > git rev-parse --show-toplevel [7ms]
2024-10-21 12:11:01.831 [info] fatal: not a git repository (or any parent up to mount point /)
Stopping at filesystem boundary (GIT_DISCOVERY_ACROSS_FILESYSTEM not set).
2024-10-21 12:11:01.854 [info] > git rev-parse --show-toplevel [6ms]
2024-10-21 12:11:01.854 [info] fatal: not a git repository (or any parent up to mount point /)
Stopping at filesystem boundary (GIT_DISCOVERY_ACROSS_FILESYSTEM not set).
2024-10-21 12:11:01.874 [info] > git rev-parse --show-toplevel [9ms]
2024-10-21 12:11:01.874 [info] fatal: not a git repository (or any of the parent directories): .git
2024-10-21 12:11:01.897 [info] > git rev-parse --show-toplevel [7ms]
2024-10-21 12:11:01.898 [info] fatal: not a git repository (or any of the parent directories): .git
2024-10-21 12:11:01.923 [info] > git rev-parse --show-toplevel [7ms]
2024-10-21 12:11:01.923 [info] fatal: not a git repository (or any of the parent directories): .git
2024-10-21 12:11:01.960 [info] > git rev-parse --show-toplevel [8ms]
2024-10-21 12:11:01.960 [info] fatal: not a git repository (or any of the parent directories): .git
2024-10-21 12:11:01.994 [info] > git rev-parse --show-toplevel [10ms]
2024-10-21 12:11:01.994 [info] fatal: not a git repository (or any of the parent directories): .git
2024-10-21 12:11:02.020 [info] > git rev-parse --show-toplevel [9ms]
2024-10-21 12:11:02.020 [info] fatal: not a git repository (or any of the parent directories): .git
2024-10-21 12:11:02.048 [info] > git rev-parse --show-toplevel [19ms]
2024-10-21 12:11:02.048 [info] fatal: not a git repository (or any parent up to mount point /)
Stopping at filesystem boundary (GIT_DISCOVERY_ACROSS_FILESYSTEM not set).
2024-10-21 12:11:02.072 [info] > git rev-parse --show-toplevel [1ms]
2024-10-21 12:11:02.072 [info] fatal: not a git repository (or any parent up to mount point /)
Stopping at filesystem boundary (GIT_DISCOVERY_ACROSS_FILESYSTEM not set).
2024-10-21 12:11:02.091 [info] > git rev-parse --show-toplevel [10ms]
2024-10-21 12:11:02.091 [info] fatal: not a git repository (or any of the parent directories): .git
2024-10-21 12:11:02.103 [info] > git rev-parse --show-toplevel [1ms]
2024-10-21 12:11:02.103 [info] fatal: not a git repository (or any of the parent directories): .git
2024-10-21 12:11:02.121 [info] > git rev-parse --show-toplevel [2ms]
2024-10-21 12:11:02.121 [info] fatal: not a git repository (or any of the parent directories): .git
2024-10-21 12:11:02.160 [info] > git rev-parse --show-toplevel [9ms]
2024-10-21 12:11:02.160 [info] fatal: not a git repository (or any parent up to mount point /)
Stopping at filesystem boundary (GIT_DISCOVERY_ACROSS_FILESYSTEM not set).
2024-10-21 12:11:02.179 [info] > git rev-parse --show-toplevel [5ms]
2024-10-21 12:11:02.179 [info] fatal: not a git repository (or any of the parent directories): .git
2024-10-21 12:11:02.200 [info] > git rev-parse --show-toplevel [11ms]
2024-10-21 12:11:02.200 [info] fatal: not a git repository (or any of the parent directories): .git
2024-10-21 12:11:02.259 [info] > git rev-parse --show-toplevel [42ms]
2024-10-21 12:11:02.260 [info] fatal: not a git repository (or any of the parent directories): .git
2024-10-21 12:11:02.278 [info] [Model][doInitialScan] Initial repository scan completed - repositories (0), closed repositories (0), parent repositories (0), unsafe repositories (0)
